{"/Users/nvaithyanathan/Desktop/Node/node-todo-api/server/server.js":{"path":"/Users/nvaithyanathan/Desktop/Node/node-todo-api/server/server.js","s":{"1":1,"2":1,"3":1,"4":1,"5":1,"6":1,"7":1,"8":1,"9":1,"10":1,"11":1,"12":1,"13":1,"14":2,"15":2,"16":1,"17":1,"18":1,"19":1,"20":1,"21":0,"22":1,"23":4,"24":4,"25":1,"26":3,"27":3,"28":2,"29":1,"30":0,"31":1,"32":4,"33":4,"34":1,"35":3,"36":3,"37":2,"38":1,"39":0,"40":1,"41":3,"42":3,"43":3,"44":0,"45":3,"46":2,"47":1,"48":1,"49":3,"50":3,"51":1,"52":2,"53":0,"54":1,"55":3,"56":3,"57":3,"58":1,"59":1,"60":2,"61":1,"62":1,"63":1,"64":2,"65":2,"66":1,"67":1,"68":1,"69":1,"70":1,"71":1},"b":{"1":[1,0],"2":[1,3],"3":[2,1],"4":[1,3],"5":[2,1],"6":[0,3],"7":[2,1],"8":[3,3],"9":[1,2]},"f":{},"fnMap":{},"statementMap":{"1":{"start":{"line":6,"column":0},"end":{"line":6,"column":30}},"2":{"start":{"line":8,"column":0},"end":{"line":8,"column":28}},"3":{"start":{"line":9,"column":0},"end":{"line":9,"column":33}},"4":{"start":{"line":10,"column":0},"end":{"line":10,"column":40}},"5":{"start":{"line":11,"column":0},"end":{"line":11,"column":36}},"6":{"start":{"line":13,"column":0},"end":{"line":13,"column":42}},"7":{"start":{"line":14,"column":0},"end":{"line":14,"column":58}},"8":{"start":{"line":75,"column":0},"end":{"line":75,"column":38}},"9":{"start":{"line":76,"column":0},"end":{"line":76,"column":38}},"10":{"start":{"line":78,"column":0},"end":{"line":78,"column":20}},"11":{"start":{"line":79,"column":0},"end":{"line":79,"column":38}},"12":{"start":{"line":81,"column":0},"end":{"line":81,"column":27}},"13":{"start":{"line":83,"column":0},"end":{"line":96,"column":3}},"14":{"start":{"line":86,"column":2},"end":{"line":89,"column":5}},"15":{"start":{"line":91,"column":2},"end":{"line":95,"column":5}},"16":{"start":{"line":92,"column":4},"end":{"line":92,"column":18}},"17":{"start":{"line":94,"column":4},"end":{"line":94,"column":28}},"18":{"start":{"line":98,"column":0},"end":{"line":106,"column":3}},"19":{"start":{"line":99,"column":4},"end":{"line":105,"column":6}},"20":{"start":{"line":102,"column":6},"end":{"line":102,"column":24}},"21":{"start":{"line":104,"column":6},"end":{"line":104,"column":30}},"22":{"start":{"line":108,"column":0},"end":{"line":127,"column":3}},"23":{"start":{"line":109,"column":2},"end":{"line":109,"column":25}},"24":{"start":{"line":111,"column":2},"end":{"line":113,"column":3}},"25":{"start":{"line":112,"column":4},"end":{"line":112,"column":34}},"26":{"start":{"line":115,"column":2},"end":{"line":125,"column":5}},"27":{"start":{"line":119,"column":4},"end":{"line":121,"column":5}},"28":{"start":{"line":120,"column":6},"end":{"line":120,"column":36}},"29":{"start":{"line":122,"column":4},"end":{"line":122,"column":21}},"30":{"start":{"line":124,"column":4},"end":{"line":124,"column":27}},"31":{"start":{"line":129,"column":0},"end":{"line":147,"column":3}},"32":{"start":{"line":130,"column":4},"end":{"line":130,"column":27}},"33":{"start":{"line":132,"column":4},"end":{"line":134,"column":5}},"34":{"start":{"line":133,"column":6},"end":{"line":133,"column":36}},"35":{"start":{"line":136,"column":4},"end":{"line":146,"column":7}},"36":{"start":{"line":140,"column":6},"end":{"line":142,"column":7}},"37":{"start":{"line":141,"column":8},"end":{"line":141,"column":42}},"38":{"start":{"line":143,"column":6},"end":{"line":143,"column":23}},"39":{"start":{"line":145,"column":6},"end":{"line":145,"column":29}},"40":{"start":{"line":151,"column":0},"end":{"line":177,"column":3}},"41":{"start":{"line":152,"column":2},"end":{"line":152,"column":25}},"42":{"start":{"line":153,"column":2},"end":{"line":153,"column":52}},"43":{"start":{"line":155,"column":2},"end":{"line":157,"column":3}},"44":{"start":{"line":156,"column":6},"end":{"line":156,"column":36}},"45":{"start":{"line":159,"column":2},"end":{"line":164,"column":3}},"46":{"start":{"line":160,"column":4},"end":{"line":160,"column":44}},"47":{"start":{"line":162,"column":4},"end":{"line":162,"column":26}},"48":{"start":{"line":163,"column":4},"end":{"line":163,"column":28}},"49":{"start":{"line":166,"column":2},"end":{"line":176,"column":4}},"50":{"start":{"line":169,"column":4},"end":{"line":171,"column":5}},"51":{"start":{"line":170,"column":6},"end":{"line":170,"column":36}},"52":{"start":{"line":172,"column":4},"end":{"line":172,"column":21}},"53":{"start":{"line":175,"column":4},"end":{"line":175,"column":27}},"54":{"start":{"line":180,"column":0},"end":{"line":194,"column":3}},"55":{"start":{"line":181,"column":4},"end":{"line":181,"column":55}},"56":{"start":{"line":182,"column":4},"end":{"line":182,"column":30}},"57":{"start":{"line":184,"column":4},"end":{"line":193,"column":7}},"58":{"start":{"line":185,"column":6},"end":{"line":185,"column":38}},"59":{"start":{"line":190,"column":6},"end":{"line":190,"column":45}},"60":{"start":{"line":192,"column":6},"end":{"line":192,"column":30}},"61":{"start":{"line":197,"column":0},"end":{"line":209,"column":3}},"62":{"start":{"line":208,"column":2},"end":{"line":208,"column":21}},"63":{"start":{"line":211,"column":0},"end":{"line":221,"column":3}},"64":{"start":{"line":212,"column":4},"end":{"line":212,"column":55}},"65":{"start":{"line":214,"column":4},"end":{"line":220,"column":7}},"66":{"start":{"line":215,"column":6},"end":{"line":217,"column":8}},"67":{"start":{"line":216,"column":8},"end":{"line":216,"column":47}},"68":{"start":{"line":219,"column":6},"end":{"line":219,"column":29}},"69":{"start":{"line":231,"column":0},"end":{"line":233,"column":2}},"70":{"start":{"line":232,"column":2},"end":{"line":232,"column":42}},"71":{"start":{"line":235,"column":0},"end":{"line":235,"column":23}}},"branchMap":{"1":{"line":79,"type":"binary-expr","locations":[{"start":{"line":79,"column":13},"end":{"line":79,"column":29}},{"start":{"line":79,"column":33},"end":{"line":79,"column":37}}]},"2":{"line":111,"type":"if","locations":[{"start":{"line":111,"column":2},"end":{"line":111,"column":2}},{"start":{"line":111,"column":2},"end":{"line":111,"column":2}}]},"3":{"line":119,"type":"if","locations":[{"start":{"line":119,"column":4},"end":{"line":119,"column":4}},{"start":{"line":119,"column":4},"end":{"line":119,"column":4}}]},"4":{"line":132,"type":"if","locations":[{"start":{"line":132,"column":4},"end":{"line":132,"column":4}},{"start":{"line":132,"column":4},"end":{"line":132,"column":4}}]},"5":{"line":140,"type":"if","locations":[{"start":{"line":140,"column":6},"end":{"line":140,"column":6}},{"start":{"line":140,"column":6},"end":{"line":140,"column":6}}]},"6":{"line":155,"type":"if","locations":[{"start":{"line":155,"column":2},"end":{"line":155,"column":2}},{"start":{"line":155,"column":2},"end":{"line":155,"column":2}}]},"7":{"line":159,"type":"if","locations":[{"start":{"line":159,"column":2},"end":{"line":159,"column":2}},{"start":{"line":159,"column":2},"end":{"line":159,"column":2}}]},"8":{"line":159,"type":"binary-expr","locations":[{"start":{"line":159,"column":6},"end":{"line":159,"column":33}},{"start":{"line":159,"column":37},"end":{"line":159,"column":51}}]},"9":{"line":169,"type":"if","locations":[{"start":{"line":169,"column":4},"end":{"line":169,"column":4}},{"start":{"line":169,"column":4},"end":{"line":169,"column":4}}]}}},"/Users/nvaithyanathan/Desktop/Node/node-todo-api/server/config/config.js":{"path":"/Users/nvaithyanathan/Desktop/Node/node-todo-api/server/config/config.js","s":{"1":1,"2":1,"3":1,"4":1,"5":0,"6":0,"7":0},"b":{"1":[1,1],"2":[1,0],"3":[0,0]},"f":{},"fnMap":{},"statementMap":{"1":{"start":{"line":1,"column":0},"end":{"line":1,"column":48}},"2":{"start":{"line":3,"column":0},"end":{"line":9,"column":1}},"3":{"start":{"line":4,"column":4},"end":{"line":4,"column":28}},"4":{"start":{"line":5,"column":4},"end":{"line":5,"column":70}},"5":{"start":{"line":6,"column":7},"end":{"line":9,"column":1}},"6":{"start":{"line":7,"column":4},"end":{"line":7,"column":28}},"7":{"start":{"line":8,"column":4},"end":{"line":8,"column":65}}},"branchMap":{"1":{"line":1,"type":"binary-expr","locations":[{"start":{"line":1,"column":10},"end":{"line":1,"column":30}},{"start":{"line":1,"column":34},"end":{"line":1,"column":47}}]},"2":{"line":3,"type":"if","locations":[{"start":{"line":3,"column":0},"end":{"line":3,"column":0}},{"start":{"line":3,"column":0},"end":{"line":3,"column":0}}]},"3":{"line":6,"type":"if","locations":[{"start":{"line":6,"column":7},"end":{"line":6,"column":7}},{"start":{"line":6,"column":7},"end":{"line":6,"column":7}}]}}},"/Users/nvaithyanathan/Desktop/Node/node-todo-api/server/db/mongoose.js":{"path":"/Users/nvaithyanathan/Desktop/Node/node-todo-api/server/db/mongoose.js","s":{"1":1,"2":1,"3":1,"4":1},"b":{},"f":{},"fnMap":{},"statementMap":{"1":{"start":{"line":1,"column":0},"end":{"line":1,"column":35}},"2":{"start":{"line":3,"column":0},"end":{"line":3,"column":34}},"3":{"start":{"line":5,"column":0},"end":{"line":5,"column":42}},"4":{"start":{"line":7,"column":0},"end":{"line":9,"column":2}}},"branchMap":{}},"/Users/nvaithyanathan/Desktop/Node/node-todo-api/server/middleware/authenticate.js":{"path":"/Users/nvaithyanathan/Desktop/Node/node-todo-api/server/middleware/authenticate.js","s":{"1":1,"2":1,"3":16,"4":16,"5":15,"6":0,"7":15,"8":15,"9":15,"10":1,"11":1},"b":{"1":[0,15]},"f":{},"fnMap":{},"statementMap":{"1":{"start":{"line":1,"column":0},"end":{"line":1,"column":41}},"2":{"start":{"line":3,"column":0},"end":{"line":17,"column":2}},"3":{"start":{"line":4,"column":2},"end":{"line":4,"column":35}},"4":{"start":{"line":6,"column":2},"end":{"line":15,"column":4}},"5":{"start":{"line":7,"column":4},"end":{"line":9,"column":5}},"6":{"start":{"line":8,"column":6},"end":{"line":8,"column":30}},"7":{"start":{"line":10,"column":4},"end":{"line":10,"column":20}},"8":{"start":{"line":11,"column":4},"end":{"line":11,"column":22}},"9":{"start":{"line":12,"column":4},"end":{"line":12,"column":11}},"10":{"start":{"line":14,"column":4},"end":{"line":14,"column":27}},"11":{"start":{"line":19,"column":0},"end":{"line":19,"column":34}}},"branchMap":{"1":{"line":7,"type":"if","locations":[{"start":{"line":7,"column":4},"end":{"line":7,"column":4}},{"start":{"line":7,"column":4},"end":{"line":7,"column":4}}]}}},"/Users/nvaithyanathan/Desktop/Node/node-todo-api/server/models/user.js":{"path":"/Users/nvaithyanathan/Desktop/Node/node-todo-api/server/models/user.js","s":{"1":1,"2":1,"3":1,"4":1,"5":1,"6":1,"7":1,"8":3,"9":3,"10":3,"11":1,"12":2,"13":2,"14":2,"15":2,"16":2,"17":2,"18":1,"19":16,"20":16,"21":16,"22":16,"23":1,"24":15,"25":1,"26":2,"27":2,"28":2,"29":0,"30":2,"31":2,"32":2,"33":1,"34":1,"35":1,"36":0,"37":0,"38":1,"39":45,"40":45,"41":43,"42":43,"43":43,"44":43,"45":2,"46":1,"47":1},"b":{"1":[0,2],"2":[1,1],"3":[43,2]},"f":{"1":3,"2":2,"3":16,"4":2,"5":0,"6":45},"fnMap":{"1":{"name":"(anonymous_1)","line":37,"loc":{"start":{"line":37,"column":28},"end":{"line":37,"column":40}}},"2":{"name":"(anonymous_2)","line":46,"loc":{"start":{"line":46,"column":39},"end":{"line":46,"column":51}}},"3":{"name":"(anonymous_3)","line":61,"loc":{"start":{"line":61,"column":33},"end":{"line":61,"column":50}}},"4":{"name":"(anonymous_4)","line":82,"loc":{"start":{"line":82,"column":39},"end":{"line":82,"column":66}}},"5":{"name":"(anonymous_5)","line":103,"loc":{"start":{"line":103,"column":33},"end":{"line":103,"column":50}}},"6":{"name":"(anonymous_6)","line":115,"loc":{"start":{"line":115,"column":23},"end":{"line":115,"column":39}}}},"statementMap":{"1":{"start":{"line":1,"column":0},"end":{"line":1,"column":37}},"2":{"start":{"line":2,"column":0},"end":{"line":2,"column":39}},"3":{"start":{"line":3,"column":0},"end":{"line":3,"column":36}},"4":{"start":{"line":4,"column":0},"end":{"line":4,"column":28}},"5":{"start":{"line":5,"column":0},"end":{"line":5,"column":35}},"6":{"start":{"line":7,"column":0},"end":{"line":34,"column":3}},"7":{"start":{"line":37,"column":0},"end":{"line":42,"column":2}},"8":{"start":{"line":38,"column":2},"end":{"line":38,"column":18}},"9":{"start":{"line":39,"column":2},"end":{"line":39,"column":35}},"10":{"start":{"line":41,"column":2},"end":{"line":41,"column":46}},"11":{"start":{"line":46,"column":0},"end":{"line":58,"column":2}},"12":{"start":{"line":47,"column":2},"end":{"line":47,"column":18}},"13":{"start":{"line":48,"column":2},"end":{"line":48,"column":22}},"14":{"start":{"line":49,"column":2},"end":{"line":49,"column":84}},"15":{"start":{"line":53,"column":2},"end":{"line":53,"column":54}},"16":{"start":{"line":55,"column":2},"end":{"line":57,"column":5}},"17":{"start":{"line":56,"column":4},"end":{"line":56,"column":17}},"18":{"start":{"line":61,"column":0},"end":{"line":80,"column":2}},"19":{"start":{"line":62,"column":2},"end":{"line":62,"column":18}},"20":{"start":{"line":63,"column":2},"end":{"line":63,"column":14}},"21":{"start":{"line":65,"column":2},"end":{"line":73,"column":3}},"22":{"start":{"line":67,"column":4},"end":{"line":67,"column":42}},"23":{"start":{"line":72,"column":4},"end":{"line":72,"column":28}},"24":{"start":{"line":75,"column":2},"end":{"line":79,"column":5}},"25":{"start":{"line":82,"column":0},"end":{"line":101,"column":2}},"26":{"start":{"line":83,"column":2},"end":{"line":83,"column":18}},"27":{"start":{"line":86,"column":2},"end":{"line":100,"column":5}},"28":{"start":{"line":87,"column":4},"end":{"line":89,"column":5}},"29":{"start":{"line":88,"column":6},"end":{"line":88,"column":30}},"30":{"start":{"line":91,"column":4},"end":{"line":99,"column":6}},"31":{"start":{"line":92,"column":6},"end":{"line":98,"column":8}},"32":{"start":{"line":93,"column":8},"end":{"line":97,"column":9}},"33":{"start":{"line":94,"column":10},"end":{"line":94,"column":24}},"34":{"start":{"line":96,"column":10},"end":{"line":96,"column":19}},"35":{"start":{"line":103,"column":0},"end":{"line":113,"column":2}},"36":{"start":{"line":104,"column":2},"end":{"line":104,"column":18}},"37":{"start":{"line":106,"column":2},"end":{"line":112,"column":4}},"38":{"start":{"line":115,"column":0},"end":{"line":129,"column":2}},"39":{"start":{"line":116,"column":2},"end":{"line":116,"column":18}},"40":{"start":{"line":118,"column":2},"end":{"line":127,"column":3}},"41":{"start":{"line":119,"column":4},"end":{"line":124,"column":6}},"42":{"start":{"line":120,"column":6},"end":{"line":123,"column":8}},"43":{"start":{"line":121,"column":8},"end":{"line":121,"column":29}},"44":{"start":{"line":122,"column":8},"end":{"line":122,"column":15}},"45":{"start":{"line":126,"column":4},"end":{"line":126,"column":11}},"46":{"start":{"line":130,"column":0},"end":{"line":130,"column":46}},"47":{"start":{"line":161,"column":0},"end":{"line":161,"column":24}}},"branchMap":{"1":{"line":87,"type":"if","locations":[{"start":{"line":87,"column":4},"end":{"line":87,"column":4}},{"start":{"line":87,"column":4},"end":{"line":87,"column":4}}]},"2":{"line":93,"type":"if","locations":[{"start":{"line":93,"column":8},"end":{"line":93,"column":8}},{"start":{"line":93,"column":8},"end":{"line":93,"column":8}}]},"3":{"line":118,"type":"if","locations":[{"start":{"line":118,"column":2},"end":{"line":118,"column":2}},{"start":{"line":118,"column":2},"end":{"line":118,"column":2}}]}}},"/Users/nvaithyanathan/Desktop/Node/node-todo-api/server/models/todo.js":{"path":"/Users/nvaithyanathan/Desktop/Node/node-todo-api/server/models/todo.js","s":{"1":1,"2":1,"3":1},"b":{},"f":{},"fnMap":{},"statementMap":{"1":{"start":{"line":1,"column":0},"end":{"line":1,"column":35}},"2":{"start":{"line":3,"column":0},"end":{"line":22,"column":3}},"3":{"start":{"line":24,"column":0},"end":{"line":24,"column":24}}},"branchMap":{}}}