TN:
SF:/Users/nvaithyanathan/Desktop/Node/node-todo-api/server/server.js
FNF:0
FNH:0
DA:6,1
DA:8,1
DA:9,1
DA:10,1
DA:11,1
DA:13,1
DA:14,1
DA:75,1
DA:76,1
DA:78,1
DA:79,1
DA:81,1
DA:83,1
DA:86,2
DA:91,2
DA:92,1
DA:94,1
DA:98,1
DA:99,1
DA:102,1
DA:104,0
DA:108,1
DA:109,4
DA:111,4
DA:112,1
DA:115,3
DA:119,3
DA:120,2
DA:122,1
DA:124,0
DA:129,1
DA:130,4
DA:132,4
DA:133,1
DA:136,3
DA:140,3
DA:141,2
DA:143,1
DA:145,0
DA:151,1
DA:152,3
DA:153,3
DA:155,3
DA:156,0
DA:159,3
DA:160,2
DA:162,1
DA:163,1
DA:166,3
DA:169,3
DA:170,1
DA:172,2
DA:175,0
DA:180,1
DA:181,3
DA:182,3
DA:184,3
DA:185,1
DA:190,1
DA:192,2
DA:197,1
DA:208,1
DA:211,1
DA:212,2
DA:214,2
DA:215,1
DA:216,1
DA:219,1
DA:231,1
DA:232,1
DA:235,1
LF:71
LH:66
BRDA:79,1,0,1
BRDA:79,1,1,0
BRDA:111,2,0,1
BRDA:111,2,1,3
BRDA:119,3,0,2
BRDA:119,3,1,1
BRDA:132,4,0,1
BRDA:132,4,1,3
BRDA:140,5,0,2
BRDA:140,5,1,1
BRDA:155,6,0,0
BRDA:155,6,1,3
BRDA:159,7,0,2
BRDA:159,7,1,1
BRDA:159,8,0,3
BRDA:159,8,1,3
BRDA:169,9,0,1
BRDA:169,9,1,2
BRF:18
BRH:16
end_of_record
TN:
SF:/Users/nvaithyanathan/Desktop/Node/node-todo-api/server/config/config.js
FNF:0
FNH:0
DA:1,1
DA:3,1
DA:4,1
DA:5,1
DA:6,0
DA:7,0
DA:8,0
LF:7
LH:4
BRDA:1,1,0,1
BRDA:1,1,1,1
BRDA:3,2,0,1
BRDA:3,2,1,0
BRDA:6,3,0,0
BRDA:6,3,1,0
BRF:6
BRH:3
end_of_record
TN:
SF:/Users/nvaithyanathan/Desktop/Node/node-todo-api/server/db/mongoose.js
FNF:0
FNH:0
DA:1,1
DA:3,1
DA:5,1
DA:7,1
LF:4
LH:4
BRF:0
BRH:0
end_of_record
TN:
SF:/Users/nvaithyanathan/Desktop/Node/node-todo-api/server/middleware/authenticate.js
FNF:0
FNH:0
DA:1,1
DA:3,1
DA:4,16
DA:6,16
DA:7,15
DA:8,0
DA:10,15
DA:11,15
DA:12,15
DA:14,1
DA:19,1
LF:11
LH:10
BRDA:7,1,0,0
BRDA:7,1,1,15
BRF:2
BRH:1
end_of_record
TN:
SF:/Users/nvaithyanathan/Desktop/Node/node-todo-api/server/models/user.js
FN:37,(anonymous_1)
FN:46,(anonymous_2)
FN:61,(anonymous_3)
FN:82,(anonymous_4)
FN:103,(anonymous_5)
FN:115,(anonymous_6)
FNF:6
FNH:5
FNDA:3,(anonymous_1)
FNDA:2,(anonymous_2)
FNDA:16,(anonymous_3)
FNDA:2,(anonymous_4)
FNDA:0,(anonymous_5)
FNDA:45,(anonymous_6)
DA:1,1
DA:2,1
DA:3,1
DA:4,1
DA:5,1
DA:7,1
DA:37,1
DA:38,3
DA:39,3
DA:41,3
DA:46,1
DA:47,2
DA:48,2
DA:49,2
DA:53,2
DA:55,2
DA:56,2
DA:61,1
DA:62,16
DA:63,16
DA:65,16
DA:67,16
DA:72,1
DA:75,15
DA:82,1
DA:83,2
DA:86,2
DA:87,2
DA:88,0
DA:91,2
DA:92,2
DA:93,2
DA:94,1
DA:96,1
DA:103,1
DA:104,0
DA:106,0
DA:115,1
DA:116,45
DA:118,45
DA:119,43
DA:120,43
DA:121,43
DA:122,43
DA:126,2
DA:130,1
DA:161,1
LF:47
LH:44
BRDA:87,1,0,0
BRDA:87,1,1,2
BRDA:93,2,0,1
BRDA:93,2,1,1
BRDA:118,3,0,43
BRDA:118,3,1,2
BRF:6
BRH:5
end_of_record
TN:
SF:/Users/nvaithyanathan/Desktop/Node/node-todo-api/server/models/todo.js
FNF:0
FNH:0
DA:1,1
DA:3,1
DA:24,1
LF:3
LH:3
BRF:0
BRH:0
end_of_record
